<?xml version="1.0" encoding="UTF-8"?>
<testng-results ignored="0" total="1" passed="1" failed="0" skipped="0">
  <reporter-output>
  </reporter-output>
  <suite started-at="2019-06-30T10:24:58Z" name="Default suite" finished-at="2019-06-30T10:25:44Z" duration-ms="45808">
    <groups>
    </groups>
    <test started-at="2019-06-30T10:24:58Z" name="Default test" finished-at="2019-06-30T10:25:44Z" duration-ms="45808">
      <class name="com.TestNGCodes.NoOfWebelements">
        <test-method signature="abc()[pri:0, instance:com.TestNGCodes.NoOfWebelements@fa4c865]" started-at="2019-06-30T10:24:58Z" name="abc" finished-at="2019-06-30T10:25:44Z" duration-ms="45732" status="PASS">
          <reporter-output>
          </reporter-output>
        </test-method> <!-- abc -->
      </class> <!-- com.TestNGCodes.NoOfWebelements -->
    </test> <!-- Default test -->
  </suite> <!-- Default suite -->
</testng-results>
